KCPSM6 Assembler log file for program 'C:\Users\ludov\Git\bracelus_embarque\vhdSources\myProgram.psm'.
Generated by KCPSM6 version v2.70
Ken Chapman - Xilinx Ltd - 16th May 2014

Assembly datestamp: 02 Apr 2021
Assembly timestamp: 18:08:37

Contents
  Assembly listing
  List of PSM files
  List of CONSTANTs
  List of TABLEs
  List of STRINGs
  List of line labels
  Instruction usage statistics


Last occupied address: 013 hex
Nominal program memory size: 1K (1024)   address(9:0)
Actual memory size: 4096
  (Default memory size)
Occupied memory locations: 20
Memory locations available: 4076


Assembly listing

 Addr Code                      Instruction

 000                            ; myProgram.psm
 000                            ;
 000                            ; This is the start of 'myProgram' for KCPSM6
 000                            ;
 000                            ;
 000                            ; INPUTS
 000                            CONSTANT ADC_ech_zero, 01
 000                            ;
 000                            CONSTANT Echantillon_Pret_Port, 02
 000                            ;
 000                            CONSTANT RESET, 03
 000                            ;
 000                            ;
 000                            ; OUTPUTS
 000                            CONSTANT o_urgence, 04
 000                            ;
 000                            CONSTANT o_cpt_val, 08
 000                            ;
 000  01300               init: LOAD s3, 00                         ; Compteur initialise a 0
 001  01400                     LOAD s4, 00                         ; init sortie a 0
 002  2D404                     OUTPUT s4, 04[o_urgence]
 003                            ;
 003                   attente: 
 003  09002                     INPUT s0, 02[Echantillon_Pret_Port] ; Met la val de ADC_STROBE dans s0
 004  1D000                     COMPARE s0, 00                      ; Compare ADC strobe avec 0
 005  32003                     JUMP Z, 003[attente]                ; Si pas de strobe, on fais rien
 006                            ;
 006  09101                     INPUT s1, 01[ADC_ech_zero]          ; Met la val de i_ech_0 dans s1
 007                            ;
 007  1D100                     COMPARE s1, 00                      ; Compare pour i_ech < 5
 008  3600A                     JUMP NZ, 00A[compte]                ; Jump si l'ech est 0. Prend en compte le bruit dans les echantillons
 009  22000                     JUMP 000[init]                      ; Saute a init si l'echantillon est bon pour reset le cpt
 00A                            ;
 00A                            ;
 00A                    compte: ;
 00A  11301                     ADD s3, 01                          ; cpt += 1
 00B  2D308                     OUTPUT s3, 08[o_cpt_val]            ; Output valeur du comtpeur sur 8LD (TEMPORAIRE)
 00C  1D3FF                     COMPARE s3, FF                      ; Regarde que le compteur est plus grand que 128 === 3 secondes
 00D  3A003                     JUMP C, 003[attente]
 00E                            ;
 00E  01401                     LOAD s4, 01                         ; Met 01 dans le registre de sortie
 00F  2D404                     OUTPUT s4, 04[o_urgence]            ; Output 1 dans les leds
 010         affProblemeCardio: ;
 010  09003                     INPUT s0, 03[RESET]                 ; Met la val de i_reset dans s0
 011  1D000                     COMPARE s0, 00                      ; Compare Reset a 0
 012  36000                     JUMP NZ, 000[init]                  ; Si 1, retourne a init
 013  22010                     JUMP 010[affProblemeCardio]         ; Reset dans la boucle jusquau reset


All unused memory locations contain zero (equivalent to 'LOAD s0, s0')



List of PSM files that have been assembled

C:\Users\ludov\Git\bracelus_embarque\vhdSources\myProgram.psm



List of defined constants

 CONSTANT name         Value        Source PSM File

 timestamp_hours       18'd         
 timestamp_minutes     08'd         
 timestamp_seconds     37'd         
 datestamp_year        21'd         
 datestamp_month       4'd          
 datestamp_day         02'd         
 NUL                   00           
 BEL                   07           
 BS                    08           
 HT                    09           
 LF                    0A           
 VT                    0B           
 CR                    0D           
 ESC                   1B           
 DEL                   7F           
 DCS                   90           
 ST                    9C           
 ADC_ech_zero          01           myProgram.psm
 Echantillon_Pret_Port 02           myProgram.psm
 RESET                 03           myProgram.psm
 o_urgence             04           myProgram.psm
 o_cpt_val             08           myProgram.psm



No TABLEs defined



List of text strings

 STRING name       String         Source PSM File

 KCPSM6_version$   "v2.70"        
 datestamp$        "02 Apr 2021"  
 timestamp$        "18:08:37"     



List of line labels

   Label               Addr  Source PSM File

   init                000   myProgram.psm
   attente             003   myProgram.psm
   compte              00A   myProgram.psm
   affProblemeCardio   010   myProgram.psm



Instruction usage statistics

 Instruction    Instances

 LOAD              3
 STAR              -

 AND               -
 OR                -
 XOR               -

 ADD               1
 ADDCY             -
 SUB               -
 SUBCY             -

 TEST              -
 TESTCY            -
 COMPARE           4
 COMPARECY         -

 SL0               -
 SL1               -
 SLX               -
 SLA               -
 RL                -
 SR0               -
 SR1               -
 SRX               -
 SRA               -
 RR                -

 REGBANK           -

 INPUT             3
 OUTPUT            3
 OUTPUTK           -

 STORE             -
 FETCH             -

 DISABLE           -
 ENABLE            -
 RETURNI           -

 JUMP              6
 JUMP@             -
 CALL              -
 CALL@             -
 RETURN            -
 LOAD&RETURN       -

 HWBUILD           -



End of KCPSM6 log file.
